roi_decoding_surfs.py
all_rois: 299876
FFC: 1670
VVC: 1241
LO1: 586
LO2: 543
LO3: 672
PHA1: 1113
PHA2: 780
PHA3: 1190
IPS1: 1198
MT: 595
LOC1_to_LOC3: 1801
PHA1_to_PHA3: 3083
V1: 8359
V2: 6043
V3_V3A_V3B_V3CD: 6814
V4: 2858
V6: 1077
V7: 560
V8: 653
  0%|          | 0/1 [00:00<?, ?it/s]100%|██████████| 1/1 [17:54<00:00, 1074.56s/it]100%|██████████| 1/1 [17:54<00:00, 1074.56s/it]
====== Subject 40 ======
- Decoding all_rois...
   Mean Accuracy: 53.377
   Std: 6.908

- Decoding FFC...
   Mean Accuracy: 48.585
   Std: 3.967

- Decoding VVC...
   Mean Accuracy: 51.31
   Std: 3.818

- Decoding LO1...
   Mean Accuracy: 51.84
   Std: 2.442

- Decoding LO2...
   Mean Accuracy: 52.098
   Std: 4.05

- Decoding LO3...
   Mean Accuracy: 53.723
   Std: 4.02

- Decoding PHA1...
   Mean Accuracy: 51.122
   Std: 5.126

- Decoding PHA2...
   Mean Accuracy: 49.062
   Std: 2.846

- Decoding PHA3...
   Mean Accuracy: 49.465
   Std: 2.925

- Decoding IPS1...
   Mean Accuracy: 56.783
   Std: 2.982

- Decoding MT...
   Mean Accuracy: 49.172
   Std: 3.258

- Decoding LOC1_to_LOC3...
   Mean Accuracy: 49.013
   Std: 3.773

- Decoding PHA1_to_PHA3...
   Mean Accuracy: 51.382
   Std: 2.652

- Decoding V1...
   Mean Accuracy: 52.543
   Std: 3.201

- Decoding V2...
   Mean Accuracy: 54.857
   Std: 2.333

- Decoding V3_V3A_V3B_V3CD...
   Mean Accuracy: 49.093
   Std: 2.653

- Decoding V4...
   Mean Accuracy: 50.872
   Std: 6.969

- Decoding V6...
   Mean Accuracy: 54.413
   Std: 2.128

- Decoding V7...
   Mean Accuracy: 50.758
   Std: 5.455

- Decoding V8...
   Mean Accuracy: 46.568
   Std: 2.312

{40: {'all_rois': 53.377, 'FFC': 48.585, 'VVC': 51.31, 'LO1': 51.84, 'LO2': 52.098, 'LO3': 53.723, 'PHA1': 51.122, 'PHA2': 49.062, 'PHA3': 49.465, 'IPS1': 56.783, 'MT': 49.172, 'LOC1_to_LOC3': 49.013, 'PHA1_to_PHA3': 51.382, 'V1': 52.543, 'V2': 54.857, 'V3_V3A_V3B_V3CD': 49.093, 'V4': 50.872, 'V6': 54.413, 'V7': 50.758, 'V8': 46.568}}
